<?xml version="1.0" encoding="UTF-8"?>
<!-- Generated by org.testng.reporters.JUnitXMLReporter -->
<testsuite ignored="0" hostname="Ankushs-MacBook-Air.local" failures="1" tests="1" name="Test" time="5.14" errors="0" timestamp="15 Mar 2020 04:17:13 GMT">
  <testcase classname="com.jbk.jenkinsDemo.HomePage" name="CheckPageURL" time="0.026">
    <failure type="java.lang.AssertionError" message="expected:&amp;lt;https://andsons-v3.myshopify.com/&amp;gt; but was:&amp;lt;https://andsons-v3.myshopify.com&amp;gt;">
      <![CDATA[java.lang.AssertionError: expected:<https://andsons-v3.myshopify.com/> but was:<https://andsons-v3.myshopify.com>
at com.jbk.jenkinsDemo.HomePage.CheckPageURL(HomePage.java:39)
... Removed 27 stack frames]]>
    </failure>
  </testcase> <!-- CheckPageURL -->
</testsuite> <!-- Test -->
